<?xml version="1.0" encoding="UTF-8"?>
<!-- Generated by org.testng.reporters.JUnitReportReporter -->
<testsuite skipped="0" hostname="LAPTOP-2GNQT5M2" name="Test1" tests="1" failures="0" timestamp="24 Jul 2020 17:06:01 GMT" time="5.694" errors="0">
  <testcase name="Testone" time="5.694" classname="Test1"/>
</testsuite> <!-- Test1 -->
